<?xml version="1.0" encoding="UTF-8" ?>
<testsuite tests="6" failures="0" name="runner.RunnerTest" time="0.672" errors="6" skipped="0">
  <properties>
    <property name="jansi.mode" value="force"/>
    <property name="java.runtime.name" value="OpenJDK Runtime Environment"/>
    <property name="java.vm.version" value="17.0.4.1+1"/>
    <property name="sun.boot.library.path" value="C:\Users\geral\.p2\pool\plugins\org.eclipse.justj.openjdk.hotspot.jre.full.win32.x86_64_17.0.4.v20220903-1038\jre\bin"/>
    <property name="maven.multiModuleProjectDirectory" value="D:\Automações\Automacao_Asuna"/>
    <property name="java.vm.vendor" value="Eclipse Adoptium"/>
    <property name="java.vendor.url" value="https://adoptium.net/"/>
    <property name="guice.disable.misplaced.annotation.check" value="true"/>
    <property name="path.separator" value=";"/>
    <property name="java.vm.name" value="OpenJDK 64-Bit Server VM"/>
    <property name="sun.os.patch.level" value=""/>
    <property name="user.script" value=""/>
    <property name="user.country" value="BR"/>
    <property name="sun.java.launcher" value="SUN_STANDARD"/>
    <property name="java.vm.specification.name" value="Java Virtual Machine Specification"/>
    <property name="user.dir" value="D:\Automações\Automacao_Asuna"/>
    <property name="java.vm.compressedOopsMode" value="Zero based"/>
    <property name="java.runtime.version" value="17.0.4.1+1"/>
    <property name="os.arch" value="amd64"/>
    <property name="java.io.tmpdir" value="C:\Users\geral\AppData\Local\Temp\"/>
    <property name="line.separator" value="
"/>
    <property name="java.vm.specification.vendor" value="Oracle Corporation"/>
    <property name="user.variant" value=""/>
    <property name="os.name" value="Windows 10"/>
    <property name="classworlds.conf" value="C:\Users\geral\eclipse-workspace\.metadata\.plugins\org.eclipse.m2e.launching\launches\m2conf13048246985937085328.tmp"/>
    <property name="sun.jnu.encoding" value="Cp1252"/>
    <property name="java.library.path" value="C:\Users\geral\.p2\pool\plugins\org.eclipse.justj.openjdk.hotspot.jre.full.win32.x86_64_17.0.4.v20220903-1038\jre\bin;C:\Windows\Sun\Java\bin;C:\Windows\system32;C:\Windows;C:/Users/geral/.p2/pool/plugins/org.eclipse.justj.openjdk.hotspot.jre.full.win32.x86_64_17.0.4.v20220903-1038/jre/bin/server;C:/Users/geral/.p2/pool/plugins/org.eclipse.justj.openjdk.hotspot.jre.full.win32.x86_64_17.0.4.v20220903-1038/jre/bin;C:\Program Files\Common Files\Oracle\Java\javapath;C:\Program Files (x86)\Common Files\Oracle\Java\javapath;C:\Windows\system32;C:\Windows;C:\Windows\System32\Wbem;C:\Windows\System32\WindowsPowerShell\v1.0\;C:\Windows\System32\OpenSSH\;C:\Program Files (x86)\NVIDIA Corporation\PhysX\Common;C:\Program Files\NVIDIA Corporation\NVIDIA NvDLISR;C:\Program Files\Java\jdk-18.0.2.1;C:\Users\geral\AppData\Local\Android\Sdk;C:\Users\geral\AppData\Local\Android\Sdk\platform-tools;C:\Users\geral\AppData\Local\Android\Sdk\emulator;C:\Users\geral\AppData\Local\Microsoft\WindowsApps;;C:\Users\geral\AppData\Local\Programs\Microsoft VS Code\bin;C:\Windows\System32;;."/>
    <property name="jdk.debug" value="release"/>
    <property name="java.class.version" value="61.0"/>
    <property name="java.specification.name" value="Java Platform API Specification"/>
    <property name="sun.management.compiler" value="HotSpot 64-Bit Tiered Compilers"/>
    <property name="os.version" value="10.0"/>
    <property name="user.home" value="C:\Users\geral"/>
    <property name="user.timezone" value="America/Sao_Paulo"/>
    <property name="file.encoding" value="UTF-8"/>
    <property name="java.specification.version" value="17"/>
    <property name="user.name" value="geral"/>
    <property name="java.class.path" value="C:\Users\geral\.p2\pool\plugins\org.eclipse.m2e.maven.runtime_3.8.601.20220820-1147\jars\plexus-classworlds-2.6.0.jar"/>
    <property name="java.vm.specification.version" value="17"/>
    <property name="sun.arch.data.model" value="64"/>
    <property name="sun.java.command" value="org.codehaus.plexus.classworlds.launcher.Launcher -B -Dstyle.color=always install"/>
    <property name="java.home" value="C:\Users\geral\.p2\pool\plugins\org.eclipse.justj.openjdk.hotspot.jre.full.win32.x86_64_17.0.4.v20220903-1038\jre"/>
    <property name="user.language" value="pt"/>
    <property name="java.specification.vendor" value="Oracle Corporation"/>
    <property name="java.vm.info" value="mixed mode"/>
    <property name="java.version" value="17.0.4.1"/>
    <property name="native.encoding" value="Cp1252"/>
    <property name="java.vendor" value="Eclipse Adoptium"/>
    <property name="maven.home" value="D:\Automações\Automacao_Asuna\EMBEDDED"/>
    <property name="style.color" value="always"/>
    <property name="file.separator" value="\"/>
    <property name="java.version.date" value="2022-08-12"/>
    <property name="java.vendor.url.bug" value="https://github.com/adoptium/adoptium-support/issues"/>
    <property name="sun.io.unicode.encoding" value="UnicodeLittle"/>
    <property name="sun.cpu.endian" value="little"/>
    <property name="java.vendor.version" value="Temurin-17.0.4.1+1"/>
    <property name="sun.cpu.isalist" value="amd64"/>
  </properties>
  <testcase classname="Aplicação" name="Login com sucesso" time="0.327">
    <error message="Cannot invoke &quot;String.hashCode()&quot; because &quot;&lt;local1&gt;&quot; is null" type="java.lang.NullPointerException">java.lang.NullPointerException: Cannot invoke &quot;String.hashCode()&quot; because &quot;&lt;local1&gt;&quot; is null
	at core.DriverFactory.getDriver(DriverFactory.java:33)
	at core.DSL.abrirUrl(DSL.java:121)
	at pages.LoginPages.entrarSite(LoginPages.java:10)
	at functions.LoginFunctions.entrarSite(LoginFunctions.java:10)
	at stepsDefinition.LoginSteps.que_eu_entre_no_menu_login(LoginSteps.java:15)
	at ✽.que eu entre no menu login(file:///D:/Automações/Automacao_Asuna/src/test/resources/features/Automacao.feature:9)
</error>
    <system-out>nome da pasta da evidencia: 20221011
Caminho completo: target/evidencias/20221011/Login com sucesso/20221011095503
Nome diretorio: 20221011/Login com sucesso/20221011095503
Caminho completo: target/evidencias/20221011/Login com sucesso/20221011095503
Nome diretorio: 20221011/Login com sucesso/20221011095503
</system-out>
  </testcase>
  <testcase classname="Aplicação" name="Login com sucesso" time="0.328">
    <error message="Cannot invoke &quot;String.hashCode()&quot; because &quot;&lt;local1&gt;&quot; is null" type="java.lang.NullPointerException">java.lang.NullPointerException: Cannot invoke &quot;String.hashCode()&quot; because &quot;&lt;local1&gt;&quot; is null
	at core.DriverFactory.getDriver(DriverFactory.java:33)
	at core.BaseTest.takeScreenshot(BaseTest.java:52)
	at stepsDefinition.Hooks.aposCenario(Hooks.java:73)
</error>
  </testcase>
  <testcase classname="Aplicação" name="Login sem E-mail #1" time="0">
    <error message="Cannot invoke &quot;String.hashCode()&quot; because &quot;&lt;local1&gt;&quot; is null" type="java.lang.NullPointerException">java.lang.NullPointerException: Cannot invoke &quot;String.hashCode()&quot; because &quot;&lt;local1&gt;&quot; is null
	at core.DriverFactory.getDriver(DriverFactory.java:33)
	at core.DSL.abrirUrl(DSL.java:121)
	at pages.LoginPages.entrarSite(LoginPages.java:10)
	at functions.LoginFunctions.entrarSite(LoginFunctions.java:10)
	at stepsDefinition.LoginSteps.que_eu_entre_no_menu_login(LoginSteps.java:15)
	at ✽.que eu entre no menu login(file:///D:/Automações/Automacao_Asuna/src/test/resources/features/Automacao.feature:18)
</error>
    <system-out>nome da pasta da evidencia: 20221011
Caminho completo: target/evidencias/20221011/Login sem E-mail/20221011095503
Nome diretorio: 20221011/Login sem E-mail/20221011095503
Caminho completo: target/evidencias/20221011/Login sem E-mail/20221011095503
Nome diretorio: 20221011/Login sem E-mail/20221011095503
</system-out>
  </testcase>
  <testcase classname="Aplicação" name="Login sem E-mail #1" time="0.001">
    <error message="Cannot invoke &quot;String.hashCode()&quot; because &quot;&lt;local1&gt;&quot; is null" type="java.lang.NullPointerException">java.lang.NullPointerException: Cannot invoke &quot;String.hashCode()&quot; because &quot;&lt;local1&gt;&quot; is null
	at core.DriverFactory.getDriver(DriverFactory.java:33)
	at core.BaseTest.takeScreenshot(BaseTest.java:52)
	at stepsDefinition.Hooks.aposCenario(Hooks.java:73)
</error>
  </testcase>
  <testcase classname="Aplicação" name="Login sem E-mail #2" time="0.008">
    <error message="Cannot invoke &quot;String.hashCode()&quot; because &quot;&lt;local1&gt;&quot; is null" type="java.lang.NullPointerException">java.lang.NullPointerException: Cannot invoke &quot;String.hashCode()&quot; because &quot;&lt;local1&gt;&quot; is null
	at core.DriverFactory.getDriver(DriverFactory.java:33)
	at core.DSL.abrirUrl(DSL.java:121)
	at pages.LoginPages.entrarSite(LoginPages.java:10)
	at functions.LoginFunctions.entrarSite(LoginFunctions.java:10)
	at stepsDefinition.LoginSteps.que_eu_entre_no_menu_login(LoginSteps.java:15)
	at ✽.que eu entre no menu login(file:///D:/Automações/Automacao_Asuna/src/test/resources/features/Automacao.feature:24)
</error>
    <system-out>nome da pasta da evidencia: 20221011
Caminho completo: target/evidencias/20221011/Login sem E-mail/20221011095503
Nome diretorio: 20221011/Login sem E-mail/20221011095503
Caminho completo: target/evidencias/20221011/Login sem E-mail/20221011095503
Nome diretorio: 20221011/Login sem E-mail/20221011095503
</system-out>
  </testcase>
  <testcase classname="Aplicação" name="Login sem E-mail #2" time="0.008">
    <error message="Cannot invoke &quot;String.hashCode()&quot; because &quot;&lt;local1&gt;&quot; is null" type="java.lang.NullPointerException">java.lang.NullPointerException: Cannot invoke &quot;String.hashCode()&quot; because &quot;&lt;local1&gt;&quot; is null
	at core.DriverFactory.getDriver(DriverFactory.java:33)
	at core.BaseTest.takeScreenshot(BaseTest.java:52)
	at stepsDefinition.Hooks.aposCenario(Hooks.java:73)
</error>
  </testcase>
</testsuite>